<?xml version="1.0" encoding="UTF-8"?>
<beans xmlns="http://www.springframework.org/schema/beans"
       xmlns:xsi="http://www.w3.org/2001/XMLSchema-instance"
       xmlns:context="http://www.springframework.org/schema/context"
       xmlns:util="http://www.springframework.org/schema/util"
       xsi:schemaLocation="http://www.springframework.org/schema/beans http://www.springframework.org/schema/beans/spring-beans.xsd
                           http://www.springframework.org/schema/util http://www.springframework.org/schema/util/spring-util.xsd
                           http://www.springframework.org/schema/context http://www.springframework.org/schema/context/spring-context.xsd">

    <!-- define the packages to scan for the test config (see app-context-bootstrap.xml for production config) -->
    <context:component-scan base-package="uk.ac.ebi.pride.archive.security"/>


    <bean id="filePathBuilder" class="uk.ac.ebi.pride.archive.utils.config.FilePathBuilderPride3"/>
    <bean id="fileUtils" class="uk.ac.ebi.pride.archive.utils.streaming.FileUtils"/>

    <util:properties id="fileConfig" location="classpath:META-INF/props/file.properties"/>
    <util:properties id="buildConfig" location="classpath:META-INF/props/build.properties"/>

    <!--<util:properties id="databaseConfig" location="classpath:META-INF/props/db.properties"/>-->


    <bean id="projectServiceImpl" class="org.mockito.Mockito" factory-method="mock">
        <constructor-arg value="uk.ac.ebi.pride.archive.repo.project.service.ProjectServiceImpl"/>
    </bean>
    <bean id="projectSearchDao" class="org.mockito.Mockito" factory-method="mock">
        <constructor-arg value="uk.ac.ebi.pride.archive.search.service.dao.ProjectSearchDao"/>
    </bean>
    <bean id="projectSearchService" class="org.mockito.Mockito" factory-method="mock">
        <constructor-arg value="uk.ac.ebi.pride.archive.search.service.ProjectSearchService" />
    </bean>

    <bean id="assayServiceImpl" class="org.mockito.Mockito" factory-method="mock">
        <constructor-arg value="uk.ac.ebi.pride.archive.repo.assay.service.AssayServiceImpl"/>
    </bean>

    <bean id="fileServiceImpl" class="org.mockito.Mockito" factory-method="mock">
        <constructor-arg value="uk.ac.ebi.pride.archive.repo.file.service.FileServiceImpl"/>
    </bean>

    <bean id="userServiceImpl" class="org.mockito.Mockito" factory-method="mock">
        <constructor-arg value="uk.ac.ebi.pride.archive.repo.user.service.UserServiceImpl"/>
    </bean>

    <bean id="proteinIdentificationSearchService" class="org.mockito.Mockito" factory-method="mock">
        <constructor-arg value="uk.ac.ebi.pride.proteinidentificationindex.search.service.ProteinIdentificationSearchService"/>
    </bean>

    <bean id="psmSearchService" class="org.mockito.Mockito" factory-method="mock">
        <constructor-arg value="uk.ac.ebi.pride.psmindex.search.service.PsmSearchService"/>
    </bean>

</beans>